<?xml version="1.0" encoding="UTF-8"?>
<testng-results skipped="0" failed="0" ignored="0" total="1" passed="1">
  <reporter-output>
  </reporter-output>
  <suite name="Default suite" duration-ms="22030" started-at="2020-06-09T22:02:00 BST" finished-at="2020-06-09T22:02:22 BST">
    <groups>
    </groups>
    <test name="Default test" duration-ms="22030" started-at="2020-06-09T22:02:00 BST" finished-at="2020-06-09T22:02:22 BST">
      <class name="tests.LoginTest">
        <test-method status="PASS" signature="loginTest()[pri:0, instance:tests.LoginTest@7c29daf3]" name="loginTest" duration-ms="21969" started-at="2020-06-09T22:02:00 BST" finished-at="2020-06-09T22:02:22 BST">
          <reporter-output>
          </reporter-output>
        </test-method> <!-- loginTest -->
      </class> <!-- tests.LoginTest -->
    </test> <!-- Default test -->
  </suite> <!-- Default suite -->
</testng-results>
